9161	b2g12006			14
9617	cms				12
9819	cms1				23
9232	cmsecalpi0			7
9632	cmsfnal				4
9608	cmsgurus			11
9633	cmsjtmet			28
9634	cmsmuon				5
9637	cmspxl				4
9783	cmsroc				23
9635	cmstb04				7
9254	cmstestbeam			6
9646	cmsvbf				16
9185	ewkinogen			6
9955	hcal_upgrade			15
9182	higgstautau			2
9926	icmstop				2
9252	l1upgrades			21
9109	leptonjets			8
9115	lnujj				33
9789	lpcanex				5
8882	lpcbacon			8
9296	lpcbphy				9
9238	lpcbprime			13
9841	lpcbtag				28
9117	lpcbtagging			6
8926	lpcci2dileptons			10
9324	lpccsa14			21
9884	lpcdarksusy			9
9234	lpcdm				12
9155	lpcdve				11
8932	lpcecaltrig			13
9638	lpceg				15
9357	lpcexohiggs			5
9255	lpcfluka			13
8900	lpcfpix				6
9237	lpcgem				16
9898	lpcgg				11
8919	lpcggntuples			11
9141	lpchbb				29
9364	lpchgcal			11
9230	lpchscp				6
9298	lpchtop				6
9300	lpchzg				8
9896	lpcjj				6
9897	lpcjm				18
9107	lpcjme				10
9899	lpcljm				31
9900	lpcll				17
9299	lpclljj				7
9901	lpclljm				17
8906	lpclonglived			5
9307	lpcmbja				17
9305	lpcmj				8
9306	lpcmja				2
9639	lpcmuon				15
9809	lpcphys				36
9110	lpcpjm				8
9358	lpcqstar			5
9129	lpcrutgers			13
9369	lpcshaslik			4
9640	lpcsimu				4
9304	lpcstop				15
9184	lpcsusyhad			37
9151	lpcsusyra1			17
9244	lpcsusystealth			13
9020	lpcsusyvbf			5
9795	lpctau				27
9114	lpctlbsm			66
9782	lpctrig				37
9636	lpctrk				20
9026	lpctthrun2			9
8884	lpczprimeljj			6
9821	lumi				6
9126	monojet				7
9120	ra2tau				14
9152	smpjs				20
9247	snowmass			23
9130	susygen				7
1540	theory				5
9163	tth				12
9992	ttmuj				10
5063	us_cms				2681
1008	uscms_db			3
